[      92ms] [WARNING] Swiper Loop Warning: The number of slides is not enough for loop mode, it will be disabled or not function properly. You need to add more slides (or make duplicates) or lower the values of slidesPerView and slidesPerGroup parameters @ https://cdn.jsdelivr.net/npm/swiper@11/swiper-element-bundle.min.js:12
[     101ms] [ERROR] Failed to load resource: net::ERR_NAME_NOT_RESOLVED @ https://alexcleaningoh-com.preview-domain.com/wp-content/uploads/2024/11/missionbg.png:0
[     101ms] [ERROR] Failed to load resource: net::ERR_NAME_NOT_RESOLVED @ https://alexcleaningoh-com.preview-domain.com/wp-content/uploads/2024/11/aboutbg.png:0
[   66604ms] [ERROR] ErrorUtils caught an error:

route config was null

Subsequent non-fatal errors won't be logged; see https://fburl.com/debugjs. {column: 17870, clientTime: 1775845873, extra: Object, guardList: Array(1), hash: g5il1z} @ https://static.cdninstagram.com/rsrc.php/v4/yt/r/ILamUkzEX7g.js:77
[   69583ms] [WARNING] Swiper Loop Warning: The number of slides is not enough for loop mode, it will be disabled or not function properly. You need to add more slides (or make duplicates) or lower the values of slidesPerView and slidesPerGroup parameters @ https://cdn.jsdelivr.net/npm/swiper@11/swiper-element-bundle.min.js:12
[   69657ms] [ERROR] Failed to load resource: net::ERR_NAME_NOT_RESOLVED @ https://alexcleaningoh-com.preview-domain.com/wp-content/uploads/2024/11/aboutbg.png:0
[   69657ms] [ERROR] Failed to load resource: net::ERR_NAME_NOT_RESOLVED @ https://alexcleaningoh-com.preview-domain.com/wp-content/uploads/2024/11/missionbg.png:0
[  328554ms] [WARNING] Swiper Loop Warning: The number of slides is not enough for loop mode, it will be disabled or not function properly. You need to add more slides (or make duplicates) or lower the values of slidesPerView and slidesPerGroup parameters @ https://cdn.jsdelivr.net/npm/swiper@11/swiper-element-bundle.min.js:12
[  328635ms] [ERROR] Failed to load resource: net::ERR_NAME_NOT_RESOLVED @ https://alexcleaningoh-com.preview-domain.com/wp-content/uploads/2024/11/aboutbg.png:0
[  328635ms] [ERROR] Failed to load resource: net::ERR_NAME_NOT_RESOLVED @ https://alexcleaningoh-com.preview-domain.com/wp-content/uploads/2024/11/missionbg.png:0
[  329814ms] [WARNING] Swiper Loop Warning: The number of slides is not enough for loop mode, it will be disabled or not function properly. You need to add more slides (or make duplicates) or lower the values of slidesPerView and slidesPerGroup parameters @ https://cdn.jsdelivr.net/npm/swiper@11/swiper-element-bundle.min.js:12
[  329840ms] [ERROR] Failed to load resource: net::ERR_NAME_NOT_RESOLVED @ https://alexcleaningoh-com.preview-domain.com/wp-content/uploads/2024/11/aboutbg.png:0
[  329840ms] [ERROR] Failed to load resource: net::ERR_NAME_NOT_RESOLVED @ https://alexcleaningoh-com.preview-domain.com/wp-content/uploads/2024/11/missionbg.png:0
[  331214ms] [WARNING] Swiper Loop Warning: The number of slides is not enough for loop mode, it will be disabled or not function properly. You need to add more slides (or make duplicates) or lower the values of slidesPerView and slidesPerGroup parameters @ https://cdn.jsdelivr.net/npm/swiper@11/swiper-element-bundle.min.js:12
[  331228ms] [ERROR] Failed to load resource: net::ERR_NAME_NOT_RESOLVED @ https://alexcleaningoh-com.preview-domain.com/wp-content/uploads/2024/11/aboutbg.png:0
[  331228ms] [ERROR] Failed to load resource: net::ERR_NAME_NOT_RESOLVED @ https://alexcleaningoh-com.preview-domain.com/wp-content/uploads/2024/11/missionbg.png:0
[  461970ms] [WARNING] Swiper Loop Warning: The number of slides is not enough for loop mode, it will be disabled or not function properly. You need to add more slides (or make duplicates) or lower the values of slidesPerView and slidesPerGroup parameters @ https://cdn.jsdelivr.net/npm/swiper@11/swiper-element-bundle.min.js:12
[  462159ms] [ERROR] Failed to load resource: net::ERR_NAME_NOT_RESOLVED @ https://alexcleaningoh-com.preview-domain.com/wp-content/uploads/2024/11/aboutbg.png:0
[  462159ms] [ERROR] Failed to load resource: net::ERR_NAME_NOT_RESOLVED @ https://alexcleaningoh-com.preview-domain.com/wp-content/uploads/2024/11/missionbg.png:0
[  477680ms] [WARNING] Swiper Loop Warning: The number of slides is not enough for loop mode, it will be disabled or not function properly. You need to add more slides (or make duplicates) or lower the values of slidesPerView and slidesPerGroup parameters @ https://cdn.jsdelivr.net/npm/swiper@11/swiper-element-bundle.min.js:12
[  477725ms] [ERROR] Failed to load resource: net::ERR_NAME_NOT_RESOLVED @ https://alexcleaningoh-com.preview-domain.com/wp-content/uploads/2024/11/missionbg.png:0
[  477725ms] [ERROR] Failed to load resource: net::ERR_NAME_NOT_RESOLVED @ https://alexcleaningoh-com.preview-domain.com/wp-content/uploads/2024/11/aboutbg.png:0
[  569275ms] [WARNING] Swiper Loop Warning: The number of slides is not enough for loop mode, it will be disabled or not function properly. You need to add more slides (or make duplicates) or lower the values of slidesPerView and slidesPerGroup parameters @ https://cdn.jsdelivr.net/npm/swiper@11/swiper-element-bundle.min.js:12
[  569398ms] [ERROR] Failed to load resource: net::ERR_NAME_NOT_RESOLVED @ https://alexcleaningoh-com.preview-domain.com/wp-content/uploads/2024/11/aboutbg.png:0
[  569402ms] [ERROR] Failed to load resource: net::ERR_NAME_NOT_RESOLVED @ https://alexcleaningoh-com.preview-domain.com/wp-content/uploads/2024/11/missionbg.png:0
[  569741ms] [ERROR] Refused to display 'https://www.instagram.com/' in a frame because it set 'X-Frame-Options' to 'deny'. @ chrome-error://chromewebdata/:0
[  572254ms] [ERROR] Failed to load resource: net::ERR_NAME_NOT_RESOLVED @ https://alexcleaningoh-com.preview-domain.com/wp-content/uploads/2024/11/aboutbg.png:0
[  572254ms] [ERROR] Failed to load resource: net::ERR_NAME_NOT_RESOLVED @ https://alexcleaningoh-com.preview-domain.com/wp-content/uploads/2024/11/missionbg.png:0
[  572274ms] [WARNING] Swiper Loop Warning: The number of slides is not enough for loop mode, it will be disabled or not function properly. You need to add more slides (or make duplicates) or lower the values of slidesPerView and slidesPerGroup parameters @ https://cdn.jsdelivr.net/npm/swiper@11/swiper-element-bundle.min.js:12
[  700780ms] [WARNING] Swiper Loop Warning: The number of slides is not enough for loop mode, it will be disabled or not function properly. You need to add more slides (or make duplicates) or lower the values of slidesPerView and slidesPerGroup parameters @ https://cdn.jsdelivr.net/npm/swiper@11/swiper-element-bundle.min.js:12
[  700841ms] [ERROR] Failed to load resource: net::ERR_NAME_NOT_RESOLVED @ https://alexcleaningoh-com.preview-domain.com/wp-content/uploads/2024/11/missionbg.png:0
[  700841ms] [ERROR] Failed to load resource: net::ERR_NAME_NOT_RESOLVED @ https://alexcleaningoh-com.preview-domain.com/wp-content/uploads/2024/11/aboutbg.png:0
[  704398ms] [WARNING] Swiper Loop Warning: The number of slides is not enough for loop mode, it will be disabled or not function properly. You need to add more slides (or make duplicates) or lower the values of slidesPerView and slidesPerGroup parameters @ https://cdn.jsdelivr.net/npm/swiper@11/swiper-element-bundle.min.js:12
[  704402ms] [ERROR] Failed to load resource: net::ERR_NAME_NOT_RESOLVED @ https://alexcleaningoh-com.preview-domain.com/wp-content/uploads/2024/11/aboutbg.png:0
[  704402ms] [ERROR] Failed to load resource: net::ERR_NAME_NOT_RESOLVED @ https://alexcleaningoh-com.preview-domain.com/wp-content/uploads/2024/11/missionbg.png:0
